Flow report for df_f
Wed Jul 14 14:09:12 2021
Quartus Prime Version 20.1.1 Build 720 11/11/2020 SJ Lite Edition


---------------------
; Table of Contents ;
---------------------
  1. Legal Notice
  2. Flow Summary
  3. Flow Settings
  4. Flow Non-Default Global Settings
  5. Flow Elapsed Time
  6. Flow OS Summary
  7. Flow Log
  8. Flow Messages
  9. Flow Suppressed Messages



----------------
; Legal Notice ;
----------------
Copyright (C) 2020  Intel Corporation. All rights reserved.
Your use of Intel Corporation's design tools, logic functions 
and other software and tools, and any partner logic 
functions, and any output files from any of the foregoing 
(including device programming or simulation files), and any 
associated documentation or information are expressly subject 
to the terms and conditions of the Intel Program License 
Subscription Agreement, the Intel Quartus Prime License Agreement,
the Intel FPGA IP License Agreement, or other applicable license
agreement, including, without limitation, that your use is for
the sole purpose of programming logic devices manufactured by
Intel and sold by Intel or its authorized distributors.  Please
refer to the applicable agreement for further details, at
https://fpgasoftware.intel.com/eula.



+---------------------------------------------------------------------+
; Flow Summary                                                        ;
+-----------------------+---------------------------------------------+
; Flow Status           ; Successful - Wed Jul 14 14:09:09 2021       ;
; Quartus Prime Version ; 20.1.1 Build 720 11/11/2020 SJ Lite Edition ;
; Revision Name         ; df_f                                        ;
; Top-level Entity Name ; df_f                                        ;
; Family                ; MAX V                                       ;
; Total logic elements  ; 1 / 40 ( 3 % )                              ;
; Total pins            ; 5 / 30 ( 17 % )                             ;
; Total virtual pins    ; 0                                           ;
; UFM blocks            ; 0 / 1 ( 0 % )                               ;
; Device                ; 5M40ZM64C4                                  ;
; Timing Models         ; Final                                       ;
+-----------------------+---------------------------------------------+


+-----------------------------------------+
; Flow Settings                           ;
+-------------------+---------------------+
; Option            ; Setting             ;
+-------------------+---------------------+
; Start date & time ; 07/14/2021 14:08:43 ;
; Main task         ; Compilation         ;
; Revision Name     ; df_f                ;
+-------------------+---------------------+


+-----------------------------------------------------------------------------------------------------+
; Flow Non-Default Global Settings                                                                    ;
+--------------------------+-------------------------------+---------------+-------------+------------+
; Assignment Name          ; Value                         ; Default Value ; Entity Name ; Section Id ;
+--------------------------+-------------------------------+---------------+-------------+------------+
; COMPILER_SIGNATURE_ID    ; 1095830797157.162625192212452 ; --            ; --          ; --         ;
; PROJECT_OUTPUT_DIRECTORY ; output_files                  ; --            ; --          ; --         ;
+--------------------------+-------------------------------+---------------+-------------+------------+


+--------------------------------------------------------------------------------------------------------------------------+
; Flow Elapsed Time                                                                                                        ;
+----------------------+--------------+-------------------------+---------------------+------------------------------------+
; Module Name          ; Elapsed Time ; Average Processors Used ; Peak Virtual Memory ; Total CPU Time (on all processors) ;
+----------------------+--------------+-------------------------+---------------------+------------------------------------+
; Analysis & Synthesis ; 00:00:14     ; 1.0                     ; 4704 MB             ; 00:00:35                           ;
; Fitter               ; 00:00:08     ; 1.0                     ; 5325 MB             ; 00:00:03                           ;
; Assembler            ; 00:00:02     ; 1.0                     ; 4656 MB             ; 00:00:01                           ;
; Timing Analyzer      ; 00:00:02     ; 1.0                     ; 4672 MB             ; 00:00:01                           ;
; Total                ; 00:00:26     ; --                      ; --                  ; 00:00:40                           ;
+----------------------+--------------+-------------------------+---------------------+------------------------------------+


+------------------------------------------------------------------------------------+
; Flow OS Summary                                                                    ;
+----------------------+------------------+------------+------------+----------------+
; Module Name          ; Machine Hostname ; OS Name    ; OS Version ; Processor type ;
+----------------------+------------------+------------+------------+----------------+
; Analysis & Synthesis ; LAPTOP-L0SE2DKR  ; Windows 10 ; 10.0       ; x86_64         ;
; Fitter               ; LAPTOP-L0SE2DKR  ; Windows 10 ; 10.0       ; x86_64         ;
; Assembler            ; LAPTOP-L0SE2DKR  ; Windows 10 ; 10.0       ; x86_64         ;
; Timing Analyzer      ; LAPTOP-L0SE2DKR  ; Windows 10 ; 10.0       ; x86_64         ;
+----------------------+------------------+------------+------------+----------------+


------------
; Flow Log ;
------------
quartus_map --read_settings_files=on --write_settings_files=off df_f -c df_f
quartus_fit --read_settings_files=off --write_settings_files=off df_f -c df_f
quartus_asm --read_settings_files=off --write_settings_files=off df_f -c df_f
quartus_sta df_f -c df_f



